==2164== Memcheck, a memory error detector
==2164== Copyright (C) 2002-2017, and GNU GPL'd, by Julian Seward et al.
==2164== Using Valgrind-3.18.1-42b08ed5bd-20211015 and LibVEX; rerun with -h for copyright info
==2164== Command: ./e
==2164== Parent PID: 11
==2164== 
--2164-- 
--2164-- Valgrind options:
--2164--    -v
--2164--    --tool=memcheck
--2164--    --leak-check=full
--2164--    --num-callers=40
--2164--    --log-file=valgrind.log
--2164-- Contents of /proc/version:
--2164--   Linux version 4.4.0-19041-Microsoft (Microsoft@Microsoft.com) (gcc version 5.4.0 (GCC) ) #2311-Microsoft Tue Nov 08 17:09:00 PST 2022
--2164-- 
--2164-- Arch and hwcaps: AMD64, LittleEndian, amd64-cx16-lzcnt-rdtscp-sse3-ssse3-avx-avx2-bmi-f16c-rdrand-rdseed
--2164-- Page sizes: currently 4096, max supported 4096
--2164-- Valgrind library directory: /usr/libexec/valgrind
--2164-- Reading syms from /root/alx-low_level_programming/0x13-more_singly_linked_lists/e
--2164-- Reading syms from /usr/lib/x86_64-linux-gnu/ld-linux-x86-64.so.2
--2164--   Considering /usr/lib/debug/.build-id/61/ef896a699bb1c2e4e231642b2e1688b2f1a61e.debug ..
--2164--   .. build-id is valid
--2164-- Reading syms from /usr/libexec/valgrind/memcheck-amd64-linux
--2164--    object doesn't have a symbol table
--2164--    object doesn't have a dynamic symbol table
--2164-- Scheduler: using generic scheduler lock implementation.
--2164-- Reading suppressions file: /usr/libexec/valgrind/default.supp
==2164== embedded gdbserver: reading from /tmp/vgdb-pipe-from-vgdb-to-2164-by-root-on-???
==2164== embedded gdbserver: writing to   /tmp/vgdb-pipe-to-vgdb-from-2164-by-root-on-???
==2164== embedded gdbserver: shared mem   /tmp/vgdb-pipe-shared-mem-vgdb-2164-by-root-on-???
==2164== 
==2164== TO CONTROL THIS PROCESS USING vgdb (which you probably
==2164== don't want to do, unless you know exactly what you're doing,
==2164== or are doing some strange experiment):
==2164==   /usr/bin/vgdb --pid=2164 ...command...
==2164== 
==2164== TO DEBUG THIS PROCESS USING GDB: start GDB like this
==2164==   /path/to/gdb ./e
==2164== and then give GDB the following command
==2164==   target remote | /usr/bin/vgdb --pid=2164
==2164== --pid is optional if only one valgrind process is running
==2164== 
==2164== error calling PR_SET_PTRACER, vgdb might block
--2164-- REDIR: 0x402aa60 (ld-linux-x86-64.so.2:strlen) redirected to 0x580bcec2 (???)
--2164-- REDIR: 0x402a830 (ld-linux-x86-64.so.2:index) redirected to 0x580bcedc (???)
--2164-- Reading syms from /usr/libexec/valgrind/vgpreload_core-amd64-linux.so
--2164--    object doesn't have a symbol table
--2164-- Reading syms from /usr/libexec/valgrind/vgpreload_memcheck-amd64-linux.so
--2164--    object doesn't have a symbol table
==2164== WARNING: new redirection conflicts with existing -- ignoring it
--2164--     old: 0x0402aa60 (strlen              ) R-> (0000.0) 0x580bcec2 ???
--2164--     new: 0x0402aa60 (strlen              ) R-> (2007.0) 0x0484ee30 strlen
--2164-- REDIR: 0x4027240 (ld-linux-x86-64.so.2:strcmp) redirected to 0x484fcd0 (strcmp)
--2164-- REDIR: 0x402afc0 (ld-linux-x86-64.so.2:mempcpy) redirected to 0x4853840 (mempcpy)
--2164-- Reading syms from /usr/lib/x86_64-linux-gnu/libc.so.6
--2164--   Considering /usr/lib/debug/.build-id/69/389d485a9793dbe873f0ea2c93e02efaa9aa3d.debug ..
--2164--   .. build-id is valid
==2164== WARNING: new redirection conflicts with existing -- ignoring it
--2164--     old: 0x04905ce0 (memalign            ) R-> (1011.0) 0x0484e080 memalign
--2164--     new: 0x04905ce0 (memalign            ) R-> (1017.0) 0x0484e050 aligned_alloc
==2164== WARNING: new redirection conflicts with existing -- ignoring it
--2164--     old: 0x04905ce0 (memalign            ) R-> (1011.0) 0x0484e080 memalign
--2164--     new: 0x04905ce0 (memalign            ) R-> (1017.0) 0x0484e020 aligned_alloc
==2164== WARNING: new redirection conflicts with existing -- ignoring it
--2164--     old: 0x04905ce0 (memalign            ) R-> (1011.0) 0x0484e080 memalign
--2164--     new: 0x04905ce0 (memalign            ) R-> (1017.0) 0x0484e050 aligned_alloc
==2164== WARNING: new redirection conflicts with existing -- ignoring it
--2164--     old: 0x04905ce0 (memalign            ) R-> (1011.0) 0x0484e080 memalign
--2164--     new: 0x04905ce0 (memalign            ) R-> (1017.0) 0x0484e020 aligned_alloc
--2164-- REDIR: 0x49087a0 (libc.so.6:strnlen) redirected to 0x483f220 (_vgnU_ifunc_wrapper)
--2164-- REDIR: 0x4908a60 (libc.so.6:strpbrk) redirected to 0x483f220 (_vgnU_ifunc_wrapper)
--2164-- REDIR: 0x4908360 (libc.so.6:strcmp) redirected to 0x483f220 (_vgnU_ifunc_wrapper)
--2164-- REDIR: 0x4926d50 (libc.so.6:wcsnlen) redirected to 0x483f220 (_vgnU_ifunc_wrapper)
--2164-- REDIR: 0x4909750 (libc.so.6:memset) redirected to 0x483f220 (_vgnU_ifunc_wrapper)
--2164-- REDIR: 0x49255c0 (libc.so.6:wcslen) redirected to 0x483f220 (_vgnU_ifunc_wrapper)
--2164-- REDIR: 0x4909c90 (libc.so.6:memcpy@@GLIBC_2.14) redirected to 0x483f220 (_vgnU_ifunc_wrapper)
--2164-- REDIR: 0x49253f0 (libc.so.6:wcschr) redirected to 0x483f220 (_vgnU_ifunc_wrapper)
--2164-- REDIR: 0x49082e0 (libc.so.6:index) redirected to 0x483f220 (_vgnU_ifunc_wrapper)
--2164-- REDIR: 0x49089e0 (libc.so.6:rindex) redirected to 0x483f220 (_vgnU_ifunc_wrapper)
--2164-- REDIR: 0x4909620 (libc.so.6:memmove) redirected to 0x483f220 (_vgnU_ifunc_wrapper)
==2164== Preferring higher priority redirection:
--2164--     old: 0x04a00940 (__memcpy_avx_unalign) R-> (2018.0) 0x04850f90 __memcpy_avx_unaligned_erms
--2164--     new: 0x04a00940 (__memcpy_avx_unalign) R-> (2018.1) 0x04852880 memmove
--2164-- REDIR: 0x4925470 (libc.so.6:wcscmp) redirected to 0x483f220 (_vgnU_ifunc_wrapper)
--2164-- REDIR: 0x4909a60 (libc.so.6:stpncpy) redirected to 0x483f220 (_vgnU_ifunc_wrapper)
--2164-- REDIR: 0x4925a30 (libc.so.6:wmemchr) redirected to 0x483f220 (_vgnU_ifunc_wrapper)
--2164-- REDIR: 0x49088b0 (libc.so.6:strncmp) redirected to 0x483f220 (_vgnU_ifunc_wrapper)
--2164-- REDIR: 0x4909af0 (libc.so.6:strcasecmp) redirected to 0x483f220 (_vgnU_ifunc_wrapper)
--2164-- REDIR: 0x49084a0 (libc.so.6:strcspn) redirected to 0x483f220 (_vgnU_ifunc_wrapper)
--2164-- REDIR: 0x49254f0 (libc.so.6:wcscpy) redirected to 0x483f220 (_vgnU_ifunc_wrapper)
--2164-- REDIR: 0x4908250 (libc.so.6:strcat) redirected to 0x483f220 (_vgnU_ifunc_wrapper)
--2164-- REDIR: 0x4909be0 (libc.so.6:strncasecmp_l) redirected to 0x483f220 (_vgnU_ifunc_wrapper)
--2164-- REDIR: 0x4909500 (libc.so.6:bcmp) redirected to 0x483f220 (_vgnU_ifunc_wrapper)
--2164-- REDIR: 0x49115f0 (libc.so.6:memrchr) redirected to 0x483f220 (_vgnU_ifunc_wrapper)
--2164-- REDIR: 0x490b090 (libc.so.6:strchrnul) redirected to 0x483f220 (_vgnU_ifunc_wrapper)
--2164-- REDIR: 0x4908410 (libc.so.6:strcpy) redirected to 0x483f220 (_vgnU_ifunc_wrapper)
--2164-- REDIR: 0x4909b90 (libc.so.6:strcasecmp_l) redirected to 0x483f220 (_vgnU_ifunc_wrapper)
--2164-- REDIR: 0x4908720 (libc.so.6:strlen) redirected to 0x483f220 (_vgnU_ifunc_wrapper)
--2164-- REDIR: 0x4908950 (libc.so.6:strncpy) redirected to 0x483f220 (_vgnU_ifunc_wrapper)
--2164-- REDIR: 0x49099d0 (libc.so.6:stpcpy) redirected to 0x483f220 (_vgnU_ifunc_wrapper)
--2164-- REDIR: 0x4909470 (libc.so.6:memchr) redirected to 0x483f220 (_vgnU_ifunc_wrapper)
--2164-- REDIR: 0x4908b80 (libc.so.6:strspn) redirected to 0x483f220 (_vgnU_ifunc_wrapper)
--2164-- REDIR: 0x4909850 (libc.so.6:mempcpy) redirected to 0x483f220 (_vgnU_ifunc_wrapper)
--2164-- REDIR: 0x4909b40 (libc.so.6:strncasecmp) redirected to 0x483f220 (_vgnU_ifunc_wrapper)
--2164-- REDIR: 0x490b000 (libc.so.6:rawmemchr) redirected to 0x483f220 (_vgnU_ifunc_wrapper)
--2164-- REDIR: 0x49fd790 (libc.so.6:__strrchr_avx2) redirected to 0x484e810 (rindex)
--2164-- REDIR: 0x4905120 (libc.so.6:malloc) redirected to 0x4848820 (malloc)
--2164-- REDIR: 0x49fd580 (libc.so.6:__strchrnul_avx2) redirected to 0x4853330 (strchrnul)
--2164-- REDIR: 0x4a00900 (libc.so.6:__mempcpy_avx_unaligned_erms) redirected to 0x4853440 (mempcpy)
--2164-- REDIR: 0x4905460 (libc.so.6:free) redirected to 0x484b210 (free)
==2164== Invalid read of size 8
==2164==    at 0x109434: free_listint (in /root/alx-low_level_programming/0x13-more_singly_linked_lists/e)
==2164==    by 0x10926B: main (in /root/alx-low_level_programming/0x13-more_singly_linked_lists/e)
==2164==  Address 0x4a8b048 is 8 bytes inside a block of size 16 free'd
==2164==    at 0x484B27F: free (in /usr/libexec/valgrind/vgpreload_memcheck-amd64-linux.so)
==2164==    by 0x10942F: free_listint (in /root/alx-low_level_programming/0x13-more_singly_linked_lists/e)
==2164==    by 0x10926B: main (in /root/alx-low_level_programming/0x13-more_singly_linked_lists/e)
==2164==  Block was alloc'd at
==2164==    at 0x4848899: malloc (in /usr/libexec/valgrind/vgpreload_memcheck-amd64-linux.so)
==2164==    by 0x1092AB: add_nodeint_end (in /root/alx-low_level_programming/0x13-more_singly_linked_lists/e)
==2164==    by 0x1091DC: main (in /root/alx-low_level_programming/0x13-more_singly_linked_lists/e)
==2164== 
==2164== Invalid read of size 8
==2164==    at 0x10941C: free_listint (in /root/alx-low_level_programming/0x13-more_singly_linked_lists/e)
==2164==    by 0x10926B: main (in /root/alx-low_level_programming/0x13-more_singly_linked_lists/e)
==2164==  Address 0x4a8b048 is 8 bytes inside a block of size 16 free'd
==2164==    at 0x484B27F: free (in /usr/libexec/valgrind/vgpreload_memcheck-amd64-linux.so)
==2164==    by 0x10942F: free_listint (in /root/alx-low_level_programming/0x13-more_singly_linked_lists/e)
==2164==    by 0x10926B: main (in /root/alx-low_level_programming/0x13-more_singly_linked_lists/e)
==2164==  Block was alloc'd at
==2164==    at 0x4848899: malloc (in /usr/libexec/valgrind/vgpreload_memcheck-amd64-linux.so)
==2164==    by 0x1092AB: add_nodeint_end (in /root/alx-low_level_programming/0x13-more_singly_linked_lists/e)
==2164==    by 0x1091DC: main (in /root/alx-low_level_programming/0x13-more_singly_linked_lists/e)
==2164== 
==2164== Invalid free() / delete / delete[] / realloc()
==2164==    at 0x484B27F: free (in /usr/libexec/valgrind/vgpreload_memcheck-amd64-linux.so)
==2164==    by 0x10942F: free_listint (in /root/alx-low_level_programming/0x13-more_singly_linked_lists/e)
==2164==    by 0x10926B: main (in /root/alx-low_level_programming/0x13-more_singly_linked_lists/e)
==2164==  Address 0x4a8b040 is 0 bytes inside a block of size 16 free'd
==2164==    at 0x484B27F: free (in /usr/libexec/valgrind/vgpreload_memcheck-amd64-linux.so)
==2164==    by 0x10942F: free_listint (in /root/alx-low_level_programming/0x13-more_singly_linked_lists/e)
==2164==    by 0x10926B: main (in /root/alx-low_level_programming/0x13-more_singly_linked_lists/e)
==2164==  Block was alloc'd at
==2164==    at 0x4848899: malloc (in /usr/libexec/valgrind/vgpreload_memcheck-amd64-linux.so)
==2164==    by 0x1092AB: add_nodeint_end (in /root/alx-low_level_programming/0x13-more_singly_linked_lists/e)
==2164==    by 0x1091DC: main (in /root/alx-low_level_programming/0x13-more_singly_linked_lists/e)
==2164== 
==2164== 
==2164== More than 10000000 total errors detected.  I'm not reporting any more.
==2164== Final error counts will be inaccurate.  Go fix your program!
==2164== Rerun with --error-limit=no to disable this cutoff.  Note
==2164== that errors may occur in your program without prior warning from
==2164== Valgrind, because errors are no longer being displayed.
==2164== 
==2164== 
==2164== Process terminating with default action of signal 2 (SIGINT)
==2164==    at 0x4905460: free (malloc.c:3352)
==2164==    by 0x10942F: free_listint (in /root/alx-low_level_programming/0x13-more_singly_linked_lists/e)
==2164==    by 0x10926B: main (in /root/alx-low_level_programming/0x13-more_singly_linked_lists/e)
==2164== 
==2164== HEAP SUMMARY:
==2164==     in use at exit: 4,224 bytes in 9 blocks
==2164==   total heap usage: 10 allocs, 4,271,991 frees, 4,240 bytes allocated
==2164== 
==2164== Searching for pointers to 9 not-freed blocks
==2164== Checked 106,544 bytes
==2164== 
==2164== 16 bytes in 1 blocks are definitely lost in loss record 8 of 9
==2164==    at 0x4848899: malloc (in /usr/libexec/valgrind/vgpreload_memcheck-amd64-linux.so)
==2164==    by 0x1093C8: free_listint (in /root/alx-low_level_programming/0x13-more_singly_linked_lists/e)
==2164==    by 0x10926B: main (in /root/alx-low_level_programming/0x13-more_singly_linked_lists/e)
==2164== 
==2164== LEAK SUMMARY:
==2164==    definitely lost: 16 bytes in 1 blocks
==2164==    indirectly lost: 0 bytes in 0 blocks
==2164==      possibly lost: 0 bytes in 0 blocks
==2164==    still reachable: 4,208 bytes in 8 blocks
==2164==         suppressed: 0 bytes in 0 blocks
==2164== Reachable blocks (those to which a pointer was found) are not shown.
==2164== To see them, rerun with: --leak-check=full --show-leak-kinds=all
==2164== 
==2164== ERROR SUMMARY: 10000001 errors from 4 contexts (suppressed: 0 from 0)
==2164== 
==2164== 3333333 errors in context 1 of 4:
==2164== Invalid free() / delete / delete[] / realloc()
==2164==    at 0x484B27F: free (in /usr/libexec/valgrind/vgpreload_memcheck-amd64-linux.so)
==2164==    by 0x10942F: free_listint (in /root/alx-low_level_programming/0x13-more_singly_linked_lists/e)
==2164==    by 0x10926B: main (in /root/alx-low_level_programming/0x13-more_singly_linked_lists/e)
==2164==  Address 0x4a8b040 is 0 bytes inside a block of size 16 free'd
==2164==    at 0x484B27F: free (in /usr/libexec/valgrind/vgpreload_memcheck-amd64-linux.so)
==2164==    by 0x10942F: free_listint (in /root/alx-low_level_programming/0x13-more_singly_linked_lists/e)
==2164==    by 0x10926B: main (in /root/alx-low_level_programming/0x13-more_singly_linked_lists/e)
==2164==  Block was alloc'd at
==2164==    at 0x4848899: malloc (in /usr/libexec/valgrind/vgpreload_memcheck-amd64-linux.so)
==2164==    by 0x1092AB: add_nodeint_end (in /root/alx-low_level_programming/0x13-more_singly_linked_lists/e)
==2164==    by 0x1091DC: main (in /root/alx-low_level_programming/0x13-more_singly_linked_lists/e)
==2164== 
==2164== 
==2164== 3333333 errors in context 2 of 4:
==2164== Invalid read of size 8
==2164==    at 0x10941C: free_listint (in /root/alx-low_level_programming/0x13-more_singly_linked_lists/e)
==2164==    by 0x10926B: main (in /root/alx-low_level_programming/0x13-more_singly_linked_lists/e)
==2164==  Address 0x4a8b048 is 8 bytes inside a block of size 16 free'd
==2164==    at 0x484B27F: free (in /usr/libexec/valgrind/vgpreload_memcheck-amd64-linux.so)
==2164==    by 0x10942F: free_listint (in /root/alx-low_level_programming/0x13-more_singly_linked_lists/e)
==2164==    by 0x10926B: main (in /root/alx-low_level_programming/0x13-more_singly_linked_lists/e)
==2164==  Block was alloc'd at
==2164==    at 0x4848899: malloc (in /usr/libexec/valgrind/vgpreload_memcheck-amd64-linux.so)
==2164==    by 0x1092AB: add_nodeint_end (in /root/alx-low_level_programming/0x13-more_singly_linked_lists/e)
==2164==    by 0x1091DC: main (in /root/alx-low_level_programming/0x13-more_singly_linked_lists/e)
==2164== 
==2164== 
==2164== 3333334 errors in context 3 of 4:
==2164== Invalid read of size 8
==2164==    at 0x109434: free_listint (in /root/alx-low_level_programming/0x13-more_singly_linked_lists/e)
==2164==    by 0x10926B: main (in /root/alx-low_level_programming/0x13-more_singly_linked_lists/e)
==2164==  Address 0x4a8b048 is 8 bytes inside a block of size 16 free'd
==2164==    at 0x484B27F: free (in /usr/libexec/valgrind/vgpreload_memcheck-amd64-linux.so)
==2164==    by 0x10942F: free_listint (in /root/alx-low_level_programming/0x13-more_singly_linked_lists/e)
==2164==    by 0x10926B: main (in /root/alx-low_level_programming/0x13-more_singly_linked_lists/e)
==2164==  Block was alloc'd at
==2164==    at 0x4848899: malloc (in /usr/libexec/valgrind/vgpreload_memcheck-amd64-linux.so)
==2164==    by 0x1092AB: add_nodeint_end (in /root/alx-low_level_programming/0x13-more_singly_linked_lists/e)
==2164==    by 0x1091DC: main (in /root/alx-low_level_programming/0x13-more_singly_linked_lists/e)
==2164== 
==2164== ERROR SUMMARY: 10000001 errors from 4 contexts (suppressed: 0 from 0)
